<?xml version="1.0" encoding="UTF-8"?>
<testng-results skipped="0" failed="1" ignored="0" total="1" passed="0">
  <reporter-output>
  </reporter-output>
  <suite name="Surefire suite" duration-ms="26871" started-at="2017-11-06T07:18:14Z" finished-at="2017-11-06T07:18:41Z">
    <groups>
      <group name="cucumber">
        <method signature="AbstractTestNGCucumberTests.feature(cucumber.api.testng.CucumberFeatureWrapper)[pri:0, instance:com.vl.qa.runner.TestRunner@737996a0]" name="feature" class="cucumber.api.testng.AbstractTestNGCucumberTests"/>
      </group> <!-- cucumber -->
    </groups>
    <test name="Surefire test" duration-ms="26871" started-at="2017-11-06T07:18:14Z" finished-at="2017-11-06T07:18:41Z">
      <class name="com.vl.qa.runner.TestRunner">
        <test-method status="PASS" signature="setUpClass()[pri:0, instance:com.vl.qa.runner.TestRunner@737996a0]" name="setUpClass" is-config="true" duration-ms="195" started-at="2017-11-06T12:48:14Z" finished-at="2017-11-06T12:48:14Z">
          <reporter-output>
          </reporter-output>
        </test-method> <!-- setUpClass -->
        <test-method status="FAIL" signature="feature(cucumber.api.testng.CucumberFeatureWrapper)[pri:0, instance:com.vl.qa.runner.TestRunner@737996a0]" name="feature" duration-ms="26569" started-at="2017-11-06T12:48:14Z" description="Runs Cucumber Feature" data-provider="features" finished-at="2017-11-06T12:48:41Z">
          <params>
            <param index="0">
              <value>
                <![CDATA[LGN:Verify user is able to Login with valid credentials]]>
              </value>
            </param>
          </params>
          <exception class="cucumber.runtime.CucumberException">
            <message>
              <![CDATA[java.lang.AssertionError: The following asserts failed:
	expected [true] but found [false],
	<b style='background-Tomato;'>Scenario failed due to the response time is greater than 10secs</b>]]>
            </message>
            <full-stacktrace>
              <![CDATA[cucumber.runtime.CucumberException: java.lang.AssertionError: The following asserts failed:
	expected [true] but found [false],
	<b style='background-Tomato;'>Scenario failed due to the response time is greater than 10secs</b>
	at cucumber.api.testng.TestNGCucumberRunner.runCucumber(TestNGCucumberRunner.java:69)
	at cucumber.api.testng.AbstractTestNGCucumberTests.feature(AbstractTestNGCucumberTests.java:21)
	at sun.reflect.NativeMethodAccessorImpl.invoke0(Native Method)
	at sun.reflect.NativeMethodAccessorImpl.invoke(NativeMethodAccessorImpl.java:62)
	at sun.reflect.DelegatingMethodAccessorImpl.invoke(DelegatingMethodAccessorImpl.java:43)
	at java.lang.reflect.Method.invoke(Method.java:498)
	at org.testng.internal.MethodInvocationHelper.invokeMethod(MethodInvocationHelper.java:108)
	at org.testng.internal.Invoker.invokeMethod(Invoker.java:661)
	at org.testng.internal.Invoker.invokeTestMethod(Invoker.java:869)
	at org.testng.internal.Invoker.invokeTestMethods(Invoker.java:1193)
	at org.testng.internal.TestMethodWorker.invokeTestMethods(TestMethodWorker.java:126)
	at org.testng.internal.TestMethodWorker.run(TestMethodWorker.java:109)
	at org.testng.TestRunner.privateRun(TestRunner.java:744)
	at org.testng.TestRunner.run(TestRunner.java:602)
	at org.testng.SuiteRunner.runTest(SuiteRunner.java:380)
	at org.testng.SuiteRunner.runSequentially(SuiteRunner.java:375)
	at org.testng.SuiteRunner.privateRun(SuiteRunner.java:340)
	at org.testng.SuiteRunner.run(SuiteRunner.java:289)
	at org.testng.SuiteRunnerWorker.runSuite(SuiteRunnerWorker.java:52)
	at org.testng.SuiteRunnerWorker.run(SuiteRunnerWorker.java:86)
	at org.testng.TestNG.runSuitesSequentially(TestNG.java:1301)
	at org.testng.TestNG.runSuitesLocally(TestNG.java:1226)
	at org.testng.TestNG.runSuites(TestNG.java:1144)
	at org.testng.TestNG.run(TestNG.java:1115)
	at org.apache.maven.surefire.testng.TestNGExecutor.run(TestNGExecutor.java:132)
	at org.apache.maven.surefire.testng.TestNGDirectoryTestSuite.executeSingleClass(TestNGDirectoryTestSuite.java:134)
	at org.apache.maven.surefire.testng.TestNGDirectoryTestSuite.execute(TestNGDirectoryTestSuite.java:118)
	at org.apache.maven.surefire.testng.TestNGProvider.invoke(TestNGProvider.java:146)
	at org.apache.maven.surefire.booter.ForkedBooter.invokeProviderInSameClassLoader(ForkedBooter.java:286)
	at org.apache.maven.surefire.booter.ForkedBooter.runSuitesInProcess(ForkedBooter.java:240)
	at org.apache.maven.surefire.booter.ForkedBooter.main(ForkedBooter.java:121)
Caused by: java.lang.AssertionError: The following asserts failed:
	expected [true] but found [false],
	<b style='background-Tomato;'>Scenario failed due to the response time is greater than 10secs</b>
	at org.testng.asserts.SoftAssert.assertAll(SoftAssert.java:43)
	at com.vl.qa.baseutils.CustomAsserts.softAssert(CustomAsserts.java:18)
	at com.vl.qa.steps.Login_test.verify_user_is_logged_into_the_site(Login_test.java:43)
	at ✽.Then verify user is logged into the site(VerifyLogin.feature:7)
]]>
            </full-stacktrace>
          </exception> <!-- cucumber.runtime.CucumberException -->
          <reporter-output>
          </reporter-output>
        </test-method> <!-- feature -->
        <test-method status="PASS" signature="tearDownClass()[pri:0, instance:com.vl.qa.runner.TestRunner@737996a0]" name="tearDownClass" is-config="true" duration-ms="21" started-at="2017-11-06T12:48:41Z" finished-at="2017-11-06T12:48:41Z">
          <reporter-output>
          </reporter-output>
        </test-method> <!-- tearDownClass -->
      </class> <!-- com.vl.qa.runner.TestRunner -->
    </test> <!-- Surefire test -->
  </suite> <!-- Surefire suite -->
</testng-results>
