<?xml version="1.0" encoding="UTF-8"?>
<testsuite xmlns:xsi="http://www.w3.org/2001/XMLSchema-instance" xsi:schemaLocation="https://maven.apache.org/surefire/maven-surefire-plugin/xsd/surefire-test-report.xsd" name="com.vl.qa.runner.TestRunner" time="27.233" tests="1" errors="0" skipped="0" failures="1">
  <properties>
[...]
</properties>
  <testcase name="feature" classname="com.vl.qa.runner.TestRunner" time="26.577">
    <failure message="java.lang.AssertionError: The following asserts failed:&#10;	expected [true] but found [false],&#10;	&lt;b style=&apos;background-Tomato;&apos;&gt;Scenario failed due to the response time is greater than 10secs&lt;/b&gt;" type="cucumber.runtime.CucumberException"><![CDATA[cucumber.runtime.CucumberException: 
java.lang.AssertionError: The following asserts failed:
	expected [true] but found [false],
	<b style='background-Tomato;'>Scenario failed due to the response time is greater than 10secs</b>
Caused by: java.lang.AssertionError: 
The following asserts failed:
	expected [true] but found [false],
	<b style='background-Tomato;'>Scenario failed due to the response time is greater than 10secs</b>
]]></failure>
    <system-out><![CDATA[Browser: firefox
working
Username: 3 Password: Value*123
totaltime: 10489
Assert failed
]]></system-out>
    <system-err><![CDATA[1509952695220	geckodriver	INFO	geckodriver 0.19.0
1509952695227	geckodriver	INFO	Listening on 127.0.0.1:9971
log4j:WARN No appenders could be found for logger (org.apache.http.client.protocol.RequestAddCookies).
log4j:WARN Please initialize the log4j system properly.
log4j:WARN See http://logging.apache.org/log4j/1.2/faq.html#noconfig for more info.
1509952695756	mozrunner::runner	INFO	Running command: "C:\\Program Files\\Mozilla Firefox\\firefox.exe" "-marionette" "-profile" "C:\\Users\\VINAY~2.NIM\\AppData\\Local\\Temp\\rust_mozprofile.xqCc2yV6CzXs"
1509952696764	addons.xpi	WARN	Error parsing extensions state: [Exception... "Component returned failure code: 0x80520012 (NS_ERROR_FILE_NOT_FOUND) [amIAddonManagerStartup.readStartupData]"  nsresult: "0x80520012 (NS_ERROR_FILE_NOT_FOUND)"  location: "JS frame :: resource://gre/modules/addons/XPIProvider.jsm :: loadExtensionState :: line 1554"  data: no] Stack trace: loadExtensionState()@resource://gre/modules/addons/XPIProvider.jsm:1554 < getInstallState()@resource://gre/modules/addons/XPIProvider.jsm:1589 < checkForChanges()@resource://gre/modules/addons/XPIProvider.jsm:3109 < startup()@resource://gre/modules/addons/XPIProvider.jsm:2188 < callProvider()@resource://gre/modules/AddonManager.jsm:269 < _startProvider()@resource://gre/modules/AddonManager.jsm:739 < startup()@resource://gre/modules/AddonManager.jsm:906 < startup()@resource://gre/modules/AddonManager.jsm:3090 < observe()@jar:file:///C:/Program%20Files/Mozilla%20Firefox/omni.ja!/components/addonManager.js:65
1509952697611	Marionette	INFO	Enabled via --marionette
Unable to read VR Path Registry from C:\Users\vinay.nimmala\AppData\Local\openvr\openvrpaths.vrpath
[Child 9488] WARNING: pipe error: 109: file z:/build/build/src/ipc/chromium/src/chrome/common/ipc_channel_win.cc, line 346
[Child 9488] WARNING: pipe error: 109: file z:/build/build/src/ipc/chromium/src/chrome/common/ipc_channel_win.cc, line 346
1509952699989	Marionette	INFO	Listening on port 62898
1509952701019	Marionette	DEBUG	Register listener.js for window 4294967297
Nov 06, 2017 12:48:21 PM org.openqa.selenium.remote.ProtocolHandshake createSession
INFO: Detected dialect: W3C
1509952701158	Marionette	DEBUG	Received DOM event "beforeunload" for "about:blank"
1509952701985	Marionette	DEBUG	Received DOM event "pagehide" for "about:blank"
1509952701985	Marionette	DEBUG	Received DOM event "unload" for "about:blank"
1509952708387	Marionette	DEBUG	Received DOM event "DOMContentLoaded" for "http://test-evo.myvoffice.com/"
1509952710236	Marionette	DEBUG	Received DOM event "pageshow" for "http://test-evo.myvoffice.com/"
Unable to read VR Path Registry from C:\Users\vinay.nimmala\AppData\Local\openvr\openvrpaths.vrpath
JavaScript error: http://test-evo.myvoffice.com/, line 91: TypeError: document.getElementById(...) is null
1509952710533	Marionette	DEBUG	Received DOM event "beforeunload" for "http://test-evo.myvoffice.com/"
1509952714751	Marionette	DEBUG	Received DOM event "pagehide" for "http://test-evo.myvoffice.com/"
1509952714753	Marionette	DEBUG	Received DOM event "unload" for "http://test-evo.myvoffice.com/"
1509952719359	Marionette	DEBUG	Received DOM event "DOMContentLoaded" for "https://test-evo.myvoffice.com/ShoppingCart/index.cfm?pid=7243296"
1509952720747	Marionette	DEBUG	Received DOM event "pageshow" for "https://test-evo.myvoffice.com/ShoppingCart/index.cfm?pid=7243296"
]]></system-err>
  </testcase>
</testsuite>